2023-05-23 16:14:38 [main] INFO  o.s.s.web.DefaultSecurityFilterChain - Will secure any request with [org.springframework.security.web.session.DisableEncodeUrlFilter@e74300b, org.springframework.security.web.context.request.async.WebAsyncManagerIntegrationFilter@1aade3c, org.springframework.security.web.context.SecurityContextHolderFilter@2403c1c5, org.springframework.security.web.header.HeaderWriterFilter@2d541e01, org.springframework.web.filter.CorsFilter@7d8a5ec7, org.springframework.security.web.authentication.logout.LogoutFilter@e196238, com.esp.irt.backend.config.JwtRequestFilter@39fc17be, org.springframework.security.web.savedrequest.RequestCacheAwareFilter@628e0403, org.springframework.security.web.servletapi.SecurityContextHolderAwareRequestFilter@5367d46f, org.springframework.security.web.authentication.AnonymousAuthenticationFilter@76a1cc1a, org.springframework.security.web.session.SessionManagementFilter@776b7fa2, org.springframework.security.web.access.ExceptionTranslationFilter@28f7cca4, org.springframework.security.web.access.intercept.AuthorizationFilter@17e31657]
2023-05-23 16:14:38 [main] WARN  o.s.s.c.a.web.builders.WebSecurity - You are asking Spring Security to ignore Ant [pattern='/h2-console/**']. This is not recommended -- please use permitAll via HttpSecurity#authorizeHttpRequests instead.
2023-05-23 16:14:38 [main] INFO  o.s.s.web.DefaultSecurityFilterChain - Will not secure Ant [pattern='/h2-console/**']
2023-05-23 16:14:45 [main] ERROR c.esp.irt.backend.BackEndApplication - This is error
2023-05-23 16:15:31 [http-nio-8082-exec-1] DEBUG o.s.security.web.FilterChainProxy - Securing GET /api/inondationZones/lastInserted
2023-05-23 16:15:31 [http-nio-8082-exec-1] DEBUG o.s.s.w.a.AnonymousAuthenticationFilter - Set SecurityContextHolder to anonymous SecurityContext
2023-05-23 16:15:31 [http-nio-8082-exec-1] DEBUG o.s.security.web.FilterChainProxy - Secured GET /api/inondationZones/lastInserted
2023-05-26 11:36:39 [main] INFO  o.s.s.web.DefaultSecurityFilterChain - Will secure any request with [org.springframework.security.web.session.DisableEncodeUrlFilter@7d8a5ec7, org.springframework.security.web.context.request.async.WebAsyncManagerIntegrationFilter@76a1cc1a, org.springframework.security.web.context.SecurityContextHolderFilter@628e0403, org.springframework.security.web.header.HeaderWriterFilter@5a8d03ce, org.springframework.web.filter.CorsFilter@597a5ead, org.springframework.security.web.authentication.logout.LogoutFilter@65384249, com.esp.irt.backend.config.JwtRequestFilter@106edde4, org.springframework.security.web.savedrequest.RequestCacheAwareFilter@475fb7, org.springframework.security.web.servletapi.SecurityContextHolderAwareRequestFilter@564e9c0b, org.springframework.security.web.authentication.AnonymousAuthenticationFilter@e763080, org.springframework.security.web.session.SessionManagementFilter@6d76aa05, org.springframework.security.web.access.ExceptionTranslationFilter@2d541e01, org.springframework.security.web.access.intercept.AuthorizationFilter@7a8e35d1]
2023-05-26 11:36:39 [main] WARN  o.s.s.c.a.web.builders.WebSecurity - You are asking Spring Security to ignore Ant [pattern='/h2-console/**']. This is not recommended -- please use permitAll via HttpSecurity#authorizeHttpRequests instead.
2023-05-26 11:36:39 [main] INFO  o.s.s.web.DefaultSecurityFilterChain - Will not secure Ant [pattern='/h2-console/**']
2023-05-26 11:36:44 [main] ERROR c.esp.irt.backend.BackEndApplication - This is error
2023-05-26 11:40:22 [http-nio-8082-exec-1] DEBUG o.s.security.web.FilterChainProxy - Securing POST /api/signup
2023-05-26 11:40:22 [http-nio-8082-exec-1] DEBUG o.s.s.w.a.AnonymousAuthenticationFilter - Set SecurityContextHolder to anonymous SecurityContext
2023-05-26 11:40:22 [http-nio-8082-exec-1] DEBUG o.s.security.web.FilterChainProxy - Secured POST /api/signup
2023-05-26 11:40:26 [http-nio-8082-exec-3] DEBUG o.s.security.web.FilterChainProxy - Securing POST /api/authenticate
2023-05-26 11:40:26 [http-nio-8082-exec-3] DEBUG o.s.s.w.a.AnonymousAuthenticationFilter - Set SecurityContextHolder to anonymous SecurityContext
2023-05-26 11:40:26 [http-nio-8082-exec-3] DEBUG o.s.security.web.FilterChainProxy - Secured POST /api/authenticate
2023-05-26 11:40:26 [http-nio-8082-exec-3] DEBUG o.s.s.a.d.DaoAuthenticationProvider - Authenticated user
2023-05-26 11:40:57 [http-nio-8082-exec-2] DEBUG o.s.security.web.FilterChainProxy - Securing GET /api/inondationZones/lastInserted
2023-05-26 11:40:57 [http-nio-8082-exec-2] DEBUG o.s.s.w.a.AnonymousAuthenticationFilter - Set SecurityContextHolder to anonymous SecurityContext
2023-05-26 11:40:57 [http-nio-8082-exec-2] DEBUG o.s.security.web.FilterChainProxy - Secured GET /api/inondationZones/lastInserted
